<?xml version="1.0" encoding="UTF-8"?>
<!-- Generated by org.testng.reporters.JUnitXMLReporter -->
<testsuite ignored="0" hostname="FoxLap" failures="0" tests="1" name="Default test" time="0.064" errors="0" timestamp="13 Mar 2019 21:41:02 GMT">
  <testcase classname="tests.testBase" name="@BeforeSuite startDriver" time="0.0">
    <failure type="org.testng.TestNGException" message="
Parameter &amp;apos;browser&amp;apos; is required by BeforeSuite on method startDriver but has not been marked @Optional or defined
in C:\Users\Mohammed Rizk\AppData\Local\Temp\testng-eclipse--161200378\testng-customsuite.xml">
      <![CDATA[org.testng.TestNGException: 
Parameter 'browser' is required by BeforeSuite on method startDriver but has not been marked @Optional or defined
in C:\Users\Mohammed Rizk\AppData\Local\Temp\testng-eclipse--161200378\testng-customsuite.xml
at org.testng.internal.Parameters.createParams(Parameters.java:290)
at org.testng.internal.Parameters.createParametersForMethod(Parameters.java:359)
at org.testng.internal.Parameters.createParameters(Parameters.java:620)
at org.testng.internal.Parameters.createConfigurationParameters(Parameters.java:190)
at org.testng.internal.Invoker.invokeConfigurations(Invoker.java:209)
at org.testng.internal.Invoker.invokeConfigurations(Invoker.java:142)
at org.testng.SuiteRunner.privateRun(SuiteRunner.java:401)
at org.testng.SuiteRunner.run(SuiteRunner.java:364)
at org.testng.SuiteRunnerWorker.runSuite(SuiteRunnerWorker.java:52)
at org.testng.SuiteRunnerWorker.run(SuiteRunnerWorker.java:84)
at org.testng.TestNG.runSuitesSequentially(TestNG.java:1208)
at org.testng.TestNG.runSuitesLocally(TestNG.java:1137)
at org.testng.TestNG.runSuites(TestNG.java:1049)
at org.testng.TestNG.run(TestNG.java:1017)
at org.testng.remote.AbstractRemoteTestNG.run(AbstractRemoteTestNG.java:115)
at org.testng.remote.RemoteTestNG.initAndRun(RemoteTestNG.java:251)
at org.testng.remote.RemoteTestNG.main(RemoteTestNG.java:77)
]]>
    </failure>
  </testcase> <!-- @BeforeSuite startDriver -->
  <testcase classname="tests.testBase" name="@AfterMethod failuersScreenShot" time="0.0">
    <skipped/>
  </testcase> <!-- @AfterMethod failuersScreenShot -->
  <testcase classname="tests.ContactUsTestCase" name="scrollDown" time="0.0">
    <skipped/>
  </testcase> <!-- scrollDown -->
</testsuite> <!-- Default test -->
