<?xml version="1.0" encoding="UTF-8"?>
<!-- Generated by org.testng.reporters.JUnitXMLReporter -->
<testsuite ignored="0" hostname="fox" failures="1" tests="1" name="Test" time="0.745" errors="0" timestamp="23 Apr 2019 10:58:52 GMT">
  <testcase classname="tests.RegisterationTestCases" name="registerUSer" time="0.104">
    <failure type="java.lang.NoClassDefFoundError" message="org/openqa/selenium/WrapsElement">
      <![CDATA[java.lang.NoClassDefFoundError: org/openqa/selenium/WrapsElement
at org.openqa.selenium.support.pagefactory.DefaultFieldDecorator.proxyForLocator(DefaultFieldDecorator.java:101)
at org.openqa.selenium.support.pagefactory.DefaultFieldDecorator.decorate(DefaultFieldDecorator.java:62)
at org.openqa.selenium.support.PageFactory.proxyFields(PageFactory.java:113)
at org.openqa.selenium.support.PageFactory.initElements(PageFactory.java:105)
at org.openqa.selenium.support.PageFactory.initElements(PageFactory.java:92)
at org.openqa.selenium.support.PageFactory.initElements(PageFactory.java:79)
at pages.pageBase.<init>(pageBase.java:13)
at pages.HomePage.<init>(HomePage.java:13)
at tests.RegisterationTestCases.registerUSer(RegisterationTestCases.java:18)
Caused by: java.lang.ClassNotFoundException: org.openqa.selenium.WrapsElement
at java.base/jdk.internal.loader.BuiltinClassLoader.loadClass(BuiltinClassLoader.java:583)
at java.base/jdk.internal.loader.ClassLoaders$AppClassLoader.loadClass(ClassLoaders.java:178)
at java.base/java.lang.ClassLoader.loadClass(ClassLoader.java:521)
... 34 more
... Removed 25 stack frames]]>
    </failure>
  </testcase> <!-- registerUSer -->
</testsuite> <!-- Test -->
